<?xml version="1.0" encoding="UTF-8"?>
<!-- Generated by org.testng.reporters.JUnitXMLReporter -->
<testsuite hostname="RohitvarshaPC" name="Test" tests="4" failures="0" timestamp="15 Jul 2017 11:19:53 GMT" time="47.856" errors="0">
  <testcase name="LaunchDemoqa" time="12.045" classname="SeleniumWithMaven.SeleniumWithMavenArtifact.SecondTestCase"/>
  <testcase name="LaunchGooglePage" time="8.59" classname="SeleniumWithMaven.SeleniumWithMavenArtifact.SecondTestCase"/>
  <testcase name="LaunchGuru99" time="8.884" classname="SeleniumWithMaven.SeleniumWithMavenArtifact.FirstTestCase"/>
  <testcase name="LaunchYahoo" time="18.31" classname="SeleniumWithMaven.SeleniumWithMavenArtifact.FirstTestCase"/>
</testsuite> <!-- Test -->
