<?xml version="1.0" encoding="UTF-8"?>
<testng-results skipped="0" failed="0" total="4" passed="4">
  <reporter-output>
  </reporter-output>
  <suite name="Suite" duration-ms="62368" started-at="2017-07-15T06:26:56Z" finished-at="2017-07-15T06:27:58Z">
    <groups>
    </groups>
    <test name="Test" duration-ms="62368" started-at="2017-07-15T06:26:56Z" finished-at="2017-07-15T06:27:58Z">
      <class name="SeleniumWithMaven.SeleniumWithMavenArtifact.FirstTestCase">
        <test-method status="PASS" signature="LaunchGuru99()" name="LaunchGuru99" duration-ms="11411" started-at="2017-07-15T06:26:56Z" finished-at="2017-07-15T06:27:07Z">
        </test-method>
        <test-method status="PASS" signature="LaunchYahoo()" name="LaunchYahoo" duration-ms="25176" started-at="2017-07-15T06:27:07Z" finished-at="2017-07-15T06:27:32Z">
        </test-method>
      </class>
      <class name="SeleniumWithMaven.SeleniumWithMavenArtifact.SecondTestCase">
        <test-method status="PASS" signature="LaunchDemoqa()" name="LaunchDemoqa" duration-ms="15382" started-at="2017-07-15T06:27:32Z" finished-at="2017-07-15T06:27:48Z">
        </test-method>
        <test-method status="PASS" signature="LaunchGooglePage()" name="LaunchGooglePage" duration-ms="10384" started-at="2017-07-15T06:27:48Z" finished-at="2017-07-15T06:27:58Z">
        </test-method>
      </class>
    </test>
  </suite>
</testng-results>
