<?xml version="1.0" encoding="UTF-8"?>
<testsuite xmlns:xsi="http://www.w3.org/2001/XMLSchema-instance" xsi:noNamespaceSchemaLocation="https://maven.apache.org/surefire/maven-surefire-plugin/xsd/surefire-test-report.xsd" name="TestSuite" time="62.854" tests="4" errors="0" skipped="0" failures="0">
  <properties>
[...]
</properties>
  <testcase name="LaunchGuru99" classname="SeleniumWithMaven.SeleniumWithMavenArtifact.FirstTestCase" time="11.411"/>
  <testcase name="LaunchYahoo" classname="SeleniumWithMaven.SeleniumWithMavenArtifact.FirstTestCase" time="25.172"/>
  <testcase name="LaunchDemoqa" classname="SeleniumWithMaven.SeleniumWithMavenArtifact.SecondTestCase" time="15.382"/>
  <testcase name="LaunchGooglePage" classname="SeleniumWithMaven.SeleniumWithMavenArtifact.SecondTestCase" time="10.385"/>
</testsuite>